  stdafx.cpp
  Roomba.cpp
  badandboujie.cpp
c:\users\mark\documents\github\iarc-repository-\mark\calibrationmode\badandboujie\badandboujie.cpp(42): warning C4244: 'initializing': conversion from 'double' to 'int', possible loss of data
c:\users\mark\documents\github\iarc-repository-\mark\calibrationmode\badandboujie\badandboujie.cpp(72): warning C4474: 'sprintf' : too many arguments passed for format string
  c:\users\mark\documents\github\iarc-repository-\mark\calibrationmode\badandboujie\badandboujie.cpp(72): note: placeholders and their parameters expect 0 variadic arguments, but 1 were provided
c:\users\mark\documents\github\iarc-repository-\mark\calibrationmode\badandboujie\badandboujie.cpp(72): warning C4996: 'sprintf': This function or variable may be unsafe. Consider using sprintf_s instead. To disable deprecation, use _CRT_SECURE_NO_WARNINGS. See online help for details.
  c:\program files (x86)\windows kits\10\include\10.0.10240.0\ucrt\stdio.h(1769): note: see declaration of 'sprintf'
c:\users\mark\documents\github\iarc-repository-\mark\calibrationmode\badandboujie\badandboujie.cpp(73): warning C4474: 'sprintf' : too many arguments passed for format string
  c:\users\mark\documents\github\iarc-repository-\mark\calibrationmode\badandboujie\badandboujie.cpp(73): note: placeholders and their parameters expect 0 variadic arguments, but 1 were provided
c:\users\mark\documents\github\iarc-repository-\mark\calibrationmode\badandboujie\badandboujie.cpp(73): warning C4996: 'sprintf': This function or variable may be unsafe. Consider using sprintf_s instead. To disable deprecation, use _CRT_SECURE_NO_WARNINGS. See online help for details.
  c:\program files (x86)\windows kits\10\include\10.0.10240.0\ucrt\stdio.h(1769): note: see declaration of 'sprintf'
c:\users\mark\documents\github\iarc-repository-\mark\calibrationmode\badandboujie\badandboujie.cpp(74): warning C4474: 'sprintf' : too many arguments passed for format string
  c:\users\mark\documents\github\iarc-repository-\mark\calibrationmode\badandboujie\badandboujie.cpp(74): note: placeholders and their parameters expect 0 variadic arguments, but 1 were provided
c:\users\mark\documents\github\iarc-repository-\mark\calibrationmode\badandboujie\badandboujie.cpp(74): warning C4996: 'sprintf': This function or variable may be unsafe. Consider using sprintf_s instead. To disable deprecation, use _CRT_SECURE_NO_WARNINGS. See online help for details.
  c:\program files (x86)\windows kits\10\include\10.0.10240.0\ucrt\stdio.h(1769): note: see declaration of 'sprintf'
c:\users\mark\documents\github\iarc-repository-\mark\calibrationmode\badandboujie\badandboujie.cpp(75): warning C4474: 'sprintf' : too many arguments passed for format string
  c:\users\mark\documents\github\iarc-repository-\mark\calibrationmode\badandboujie\badandboujie.cpp(75): note: placeholders and their parameters expect 0 variadic arguments, but 1 were provided
c:\users\mark\documents\github\iarc-repository-\mark\calibrationmode\badandboujie\badandboujie.cpp(75): warning C4996: 'sprintf': This function or variable may be unsafe. Consider using sprintf_s instead. To disable deprecation, use _CRT_SECURE_NO_WARNINGS. See online help for details.
  c:\program files (x86)\windows kits\10\include\10.0.10240.0\ucrt\stdio.h(1769): note: see declaration of 'sprintf'
c:\users\mark\documents\github\iarc-repository-\mark\calibrationmode\badandboujie\badandboujie.cpp(76): warning C4474: 'sprintf' : too many arguments passed for format string
  c:\users\mark\documents\github\iarc-repository-\mark\calibrationmode\badandboujie\badandboujie.cpp(76): note: placeholders and their parameters expect 0 variadic arguments, but 1 were provided
c:\users\mark\documents\github\iarc-repository-\mark\calibrationmode\badandboujie\badandboujie.cpp(76): warning C4996: 'sprintf': This function or variable may be unsafe. Consider using sprintf_s instead. To disable deprecation, use _CRT_SECURE_NO_WARNINGS. See online help for details.
  c:\program files (x86)\windows kits\10\include\10.0.10240.0\ucrt\stdio.h(1769): note: see declaration of 'sprintf'
c:\users\mark\documents\github\iarc-repository-\mark\calibrationmode\badandboujie\badandboujie.cpp(77): warning C4474: 'sprintf' : too many arguments passed for format string
  c:\users\mark\documents\github\iarc-repository-\mark\calibrationmode\badandboujie\badandboujie.cpp(77): note: placeholders and their parameters expect 0 variadic arguments, but 1 were provided
c:\users\mark\documents\github\iarc-repository-\mark\calibrationmode\badandboujie\badandboujie.cpp(77): warning C4996: 'sprintf': This function or variable may be unsafe. Consider using sprintf_s instead. To disable deprecation, use _CRT_SECURE_NO_WARNINGS. See online help for details.
  c:\program files (x86)\windows kits\10\include\10.0.10240.0\ucrt\stdio.h(1769): note: see declaration of 'sprintf'
c:\users\mark\documents\github\iarc-repository-\mark\calibrationmode\badandboujie\badandboujie.cpp(139): warning C4267: 'initializing': conversion from 'size_t' to 'int', possible loss of data
c:\users\mark\documents\github\iarc-repository-\mark\calibrationmode\badandboujie\badandboujie.cpp(153): warning C4244: 'argument': conversion from 'double' to 'int', possible loss of data
c:\users\mark\documents\github\iarc-repository-\mark\calibrationmode\badandboujie\badandboujie.cpp(154): warning C4244: 'argument': conversion from 'double' to 'int', possible loss of data
  Generating Code...
  badandboujie.vcxproj -> C:\Users\mark\Documents\GitHub\IARC-repository-\Mark\calibrationmode\x64\Debug\badandboujie.exe
  badandboujie.vcxproj -> C:\Users\mark\Documents\GitHub\IARC-repository-\Mark\calibrationmode\x64\Debug\badandboujie.pdb (Full PDB)
