  stdafx.cpp
  multiTracking.cpp
c:\users\eric johnson\documents\visual studio 2015\projects\c++\multitracking\multitracking\multitracking.cpp(46): warning C4244: 'initializing': conversion from 'double' to 'int', possible loss of data
c:\users\eric johnson\documents\visual studio 2015\projects\c++\multitracking\multitracking\multitracking.cpp(76): warning C4474: 'sprintf' : too many arguments passed for format string
  c:\users\eric johnson\documents\visual studio 2015\projects\c++\multitracking\multitracking\multitracking.cpp(76): note: placeholders and their parameters expect 0 variadic arguments, but 1 were provided
c:\users\eric johnson\documents\visual studio 2015\projects\c++\multitracking\multitracking\multitracking.cpp(76): warning C4996: 'sprintf': This function or variable may be unsafe. Consider using sprintf_s instead. To disable deprecation, use _CRT_SECURE_NO_WARNINGS. See online help for details.
  c:\program files (x86)\windows kits\10\include\10.0.10240.0\ucrt\stdio.h(1769): note: see declaration of 'sprintf'
c:\users\eric johnson\documents\visual studio 2015\projects\c++\multitracking\multitracking\multitracking.cpp(77): warning C4474: 'sprintf' : too many arguments passed for format string
  c:\users\eric johnson\documents\visual studio 2015\projects\c++\multitracking\multitracking\multitracking.cpp(77): note: placeholders and their parameters expect 0 variadic arguments, but 1 were provided
c:\users\eric johnson\documents\visual studio 2015\projects\c++\multitracking\multitracking\multitracking.cpp(77): warning C4996: 'sprintf': This function or variable may be unsafe. Consider using sprintf_s instead. To disable deprecation, use _CRT_SECURE_NO_WARNINGS. See online help for details.
  c:\program files (x86)\windows kits\10\include\10.0.10240.0\ucrt\stdio.h(1769): note: see declaration of 'sprintf'
c:\users\eric johnson\documents\visual studio 2015\projects\c++\multitracking\multitracking\multitracking.cpp(78): warning C4474: 'sprintf' : too many arguments passed for format string
  c:\users\eric johnson\documents\visual studio 2015\projects\c++\multitracking\multitracking\multitracking.cpp(78): note: placeholders and their parameters expect 0 variadic arguments, but 1 were provided
c:\users\eric johnson\documents\visual studio 2015\projects\c++\multitracking\multitracking\multitracking.cpp(78): warning C4996: 'sprintf': This function or variable may be unsafe. Consider using sprintf_s instead. To disable deprecation, use _CRT_SECURE_NO_WARNINGS. See online help for details.
  c:\program files (x86)\windows kits\10\include\10.0.10240.0\ucrt\stdio.h(1769): note: see declaration of 'sprintf'
c:\users\eric johnson\documents\visual studio 2015\projects\c++\multitracking\multitracking\multitracking.cpp(79): warning C4474: 'sprintf' : too many arguments passed for format string
  c:\users\eric johnson\documents\visual studio 2015\projects\c++\multitracking\multitracking\multitracking.cpp(79): note: placeholders and their parameters expect 0 variadic arguments, but 1 were provided
c:\users\eric johnson\documents\visual studio 2015\projects\c++\multitracking\multitracking\multitracking.cpp(79): warning C4996: 'sprintf': This function or variable may be unsafe. Consider using sprintf_s instead. To disable deprecation, use _CRT_SECURE_NO_WARNINGS. See online help for details.
  c:\program files (x86)\windows kits\10\include\10.0.10240.0\ucrt\stdio.h(1769): note: see declaration of 'sprintf'
c:\users\eric johnson\documents\visual studio 2015\projects\c++\multitracking\multitracking\multitracking.cpp(80): warning C4474: 'sprintf' : too many arguments passed for format string
  c:\users\eric johnson\documents\visual studio 2015\projects\c++\multitracking\multitracking\multitracking.cpp(80): note: placeholders and their parameters expect 0 variadic arguments, but 1 were provided
c:\users\eric johnson\documents\visual studio 2015\projects\c++\multitracking\multitracking\multitracking.cpp(80): warning C4996: 'sprintf': This function or variable may be unsafe. Consider using sprintf_s instead. To disable deprecation, use _CRT_SECURE_NO_WARNINGS. See online help for details.
  c:\program files (x86)\windows kits\10\include\10.0.10240.0\ucrt\stdio.h(1769): note: see declaration of 'sprintf'
c:\users\eric johnson\documents\visual studio 2015\projects\c++\multitracking\multitracking\multitracking.cpp(81): warning C4474: 'sprintf' : too many arguments passed for format string
  c:\users\eric johnson\documents\visual studio 2015\projects\c++\multitracking\multitracking\multitracking.cpp(81): note: placeholders and their parameters expect 0 variadic arguments, but 1 were provided
c:\users\eric johnson\documents\visual studio 2015\projects\c++\multitracking\multitracking\multitracking.cpp(81): warning C4996: 'sprintf': This function or variable may be unsafe. Consider using sprintf_s instead. To disable deprecation, use _CRT_SECURE_NO_WARNINGS. See online help for details.
  c:\program files (x86)\windows kits\10\include\10.0.10240.0\ucrt\stdio.h(1769): note: see declaration of 'sprintf'
c:\users\eric johnson\documents\visual studio 2015\projects\c++\multitracking\multitracking\multitracking.cpp(149): warning C4244: '=': conversion from 'double' to 'int', possible loss of data
c:\users\eric johnson\documents\visual studio 2015\projects\c++\multitracking\multitracking\multitracking.cpp(150): warning C4244: '=': conversion from 'double' to 'int', possible loss of data
opencv_world320d.lib(opencv_world320d.dll) : fatal error LNK1112: module machine type 'x64' conflicts with target machine type 'X86'
